[debug] [2025-03-26T11:26:16.222Z] ----------------------------------------------------------------------
[debug] [2025-03-26T11:26:16.225Z] Command:       C:\Program Files\nodejs\node.exe C:\Users\harsh\AppData\Roaming\npm\node_modules\firebase-tools\lib\bin\firebase.js deploy
[debug] [2025-03-26T11:26:16.225Z] CLI Version:   13.35.1
[debug] [2025-03-26T11:26:16.225Z] Platform:      win32
[debug] [2025-03-26T11:26:16.225Z] Node Version:  v22.13.1
[debug] [2025-03-26T11:26:16.225Z] Time:          Wed Mar 26 2025 16:56:16 GMT+0530 (India Standard Time)
[debug] [2025-03-26T11:26:16.225Z] ----------------------------------------------------------------------
[debug] 
[debug] [2025-03-26T11:26:16.375Z] > command requires scopes: ["email","openid","https://www.googleapis.com/auth/cloudplatformprojects.readonly","https://www.googleapis.com/auth/firebase","https://www.googleapis.com/auth/cloud-platform"]
[debug] [2025-03-26T11:26:16.375Z] > authorizing via signed-in user (harshvardhansanguri@gmail.com)
[debug] [2025-03-26T11:26:16.375Z] [iam] checking project rentafarm-2e5c2 for permissions ["cloudsql.databases.create","cloudsql.databases.update","cloudsql.instances.connect","cloudsql.instances.create","cloudsql.instances.get","cloudsql.instances.list","cloudsql.instances.update","cloudsql.users.create","firebase.projects.get","firebasedataconnect.connectors.create","firebasedataconnect.connectors.delete","firebasedataconnect.connectors.list","firebasedataconnect.connectors.update","firebasedataconnect.operations.get","firebasedataconnect.schemas.create","firebasedataconnect.schemas.delete","firebasedataconnect.schemas.list","firebasedataconnect.schemas.update","firebasedataconnect.services.create","firebasedataconnect.services.delete","firebasedataconnect.services.list","firebasedataconnect.services.update"]
[debug] [2025-03-26T11:26:16.376Z] Checked if tokens are valid: false, expires at: 1742989194237
[debug] [2025-03-26T11:26:16.376Z] Checked if tokens are valid: false, expires at: 1742989194237
[debug] [2025-03-26T11:26:16.376Z] > refreshing access token with scopes: []
[debug] [2025-03-26T11:26:16.378Z] >>> [apiv2][query] POST https://www.googleapis.com/oauth2/v3/token [none]
[debug] [2025-03-26T11:26:16.378Z] >>> [apiv2][body] POST https://www.googleapis.com/oauth2/v3/token [omitted]
[debug] [2025-03-26T11:26:16.863Z] <<< [apiv2][status] POST https://www.googleapis.com/oauth2/v3/token 200
[debug] [2025-03-26T11:26:16.863Z] <<< [apiv2][body] POST https://www.googleapis.com/oauth2/v3/token [omitted]
[debug] [2025-03-26T11:26:16.868Z] >>> [apiv2][query] POST https://cloudresourcemanager.googleapis.com/v1/projects/rentafarm-2e5c2:testIamPermissions [none]
[debug] [2025-03-26T11:26:16.868Z] >>> [apiv2][(partial)header] POST https://cloudresourcemanager.googleapis.com/v1/projects/rentafarm-2e5c2:testIamPermissions x-goog-quota-user=projects/rentafarm-2e5c2
[debug] [2025-03-26T11:26:16.868Z] >>> [apiv2][body] POST https://cloudresourcemanager.googleapis.com/v1/projects/rentafarm-2e5c2:testIamPermissions {"permissions":["cloudsql.databases.create","cloudsql.databases.update","cloudsql.instances.connect","cloudsql.instances.create","cloudsql.instances.get","cloudsql.instances.list","cloudsql.instances.update","cloudsql.users.create","firebase.projects.get","firebasedataconnect.connectors.create","firebasedataconnect.connectors.delete","firebasedataconnect.connectors.list","firebasedataconnect.connectors.update","firebasedataconnect.operations.get","firebasedataconnect.schemas.create","firebasedataconnect.schemas.delete","firebasedataconnect.schemas.list","firebasedataconnect.schemas.update","firebasedataconnect.services.create","firebasedataconnect.services.delete","firebasedataconnect.services.list","firebasedataconnect.services.update"]}
[debug] [2025-03-26T11:26:18.475Z] <<< [apiv2][status] POST https://cloudresourcemanager.googleapis.com/v1/projects/rentafarm-2e5c2:testIamPermissions 200
[debug] [2025-03-26T11:26:18.475Z] <<< [apiv2][body] POST https://cloudresourcemanager.googleapis.com/v1/projects/rentafarm-2e5c2:testIamPermissions {"permissions":["cloudsql.databases.create","cloudsql.databases.update","cloudsql.instances.connect","cloudsql.instances.create","cloudsql.instances.get","cloudsql.instances.list","cloudsql.instances.update","cloudsql.users.create","firebase.projects.get","firebasedataconnect.connectors.create","firebasedataconnect.connectors.delete","firebasedataconnect.connectors.list","firebasedataconnect.connectors.update","firebasedataconnect.operations.get","firebasedataconnect.schemas.create","firebasedataconnect.schemas.delete","firebasedataconnect.schemas.list","firebasedataconnect.schemas.update","firebasedataconnect.services.create","firebasedataconnect.services.delete","firebasedataconnect.services.list","firebasedataconnect.services.update"]}
[info] 
[info] === Deploying to 'rentafarm-2e5c2'...
[info] 
[info] i  deploying dataconnect 
[debug] [2025-03-26T11:26:18.478Z] Checked if tokens are valid: true, expires at: 1742991975863
[debug] [2025-03-26T11:26:18.478Z] Checked if tokens are valid: true, expires at: 1742991975863
[debug] [2025-03-26T11:26:18.478Z] >>> [apiv2][query] GET https://cloudbilling.googleapis.com/v1/projects/rentafarm-2e5c2/billingInfo [none]
[debug] [2025-03-26T11:26:19.823Z] <<< [apiv2][status] GET https://cloudbilling.googleapis.com/v1/projects/rentafarm-2e5c2/billingInfo 200
[debug] [2025-03-26T11:26:19.823Z] <<< [apiv2][body] GET https://cloudbilling.googleapis.com/v1/projects/rentafarm-2e5c2/billingInfo {"name":"projects/rentafarm-2e5c2/billingInfo","projectId":"rentafarm-2e5c2","billingAccountName":"billingAccounts/012222-E81F37-0839C7","billingEnabled":true}
[info] i  dataconnect: ensuring required API firebasedataconnect.googleapis.com is enabled... 
[debug] [2025-03-26T11:26:19.824Z] Checked if tokens are valid: true, expires at: 1742991975863
[debug] [2025-03-26T11:26:19.824Z] Checked if tokens are valid: true, expires at: 1742991975863
[debug] [2025-03-26T11:26:19.824Z] >>> [apiv2][query] GET https://serviceusage.googleapis.com/v1/projects/rentafarm-2e5c2/services/firebasedataconnect.googleapis.com [none]
[debug] [2025-03-26T11:26:19.824Z] >>> [apiv2][(partial)header] GET https://serviceusage.googleapis.com/v1/projects/rentafarm-2e5c2/services/firebasedataconnect.googleapis.com x-goog-quota-user=projects/rentafarm-2e5c2
[debug] [2025-03-26T11:26:21.752Z] <<< [apiv2][status] GET https://serviceusage.googleapis.com/v1/projects/rentafarm-2e5c2/services/firebasedataconnect.googleapis.com 200
[debug] [2025-03-26T11:26:21.752Z] <<< [apiv2][body] GET https://serviceusage.googleapis.com/v1/projects/rentafarm-2e5c2/services/firebasedataconnect.googleapis.com [omitted]
[info] +  dataconnect: required API firebasedataconnect.googleapis.com is enabled 
[info] i  dataconnect: ensuring required API sqladmin.googleapis.com is enabled... 
[debug] [2025-03-26T11:26:21.753Z] Checked if tokens are valid: true, expires at: 1742991975863
[debug] [2025-03-26T11:26:21.753Z] Checked if tokens are valid: true, expires at: 1742991975863
[debug] [2025-03-26T11:26:21.753Z] >>> [apiv2][query] GET https://serviceusage.googleapis.com/v1/projects/rentafarm-2e5c2/services/sqladmin.googleapis.com [none]
[debug] [2025-03-26T11:26:21.753Z] >>> [apiv2][(partial)header] GET https://serviceusage.googleapis.com/v1/projects/rentafarm-2e5c2/services/sqladmin.googleapis.com x-goog-quota-user=projects/rentafarm-2e5c2
[debug] [2025-03-26T11:26:23.639Z] <<< [apiv2][status] GET https://serviceusage.googleapis.com/v1/projects/rentafarm-2e5c2/services/sqladmin.googleapis.com 200
[debug] [2025-03-26T11:26:23.639Z] <<< [apiv2][body] GET https://serviceusage.googleapis.com/v1/projects/rentafarm-2e5c2/services/sqladmin.googleapis.com [omitted]
[info] +  dataconnect: required API sqladmin.googleapis.com is enabled 
[info] i  dataconnect: ensuring required API compute.googleapis.com is enabled... 
[debug] [2025-03-26T11:26:23.641Z] Checked if tokens are valid: true, expires at: 1742991975863
[debug] [2025-03-26T11:26:23.641Z] Checked if tokens are valid: true, expires at: 1742991975863
[debug] [2025-03-26T11:26:23.641Z] >>> [apiv2][query] GET https://serviceusage.googleapis.com/v1/projects/rentafarm-2e5c2/services/compute.googleapis.com [none]
[debug] [2025-03-26T11:26:23.641Z] >>> [apiv2][(partial)header] GET https://serviceusage.googleapis.com/v1/projects/rentafarm-2e5c2/services/compute.googleapis.com x-goog-quota-user=projects/rentafarm-2e5c2
[debug] [2025-03-26T11:26:24.541Z] <<< [apiv2][status] GET https://serviceusage.googleapis.com/v1/projects/rentafarm-2e5c2/services/compute.googleapis.com 200
[debug] [2025-03-26T11:26:24.541Z] <<< [apiv2][body] GET https://serviceusage.googleapis.com/v1/projects/rentafarm-2e5c2/services/compute.googleapis.com [omitted]
[info] +  dataconnect: required API compute.googleapis.com is enabled 
[debug] [2025-03-26T11:26:24.542Z] Checked if tokens are valid: true, expires at: 1742991975863
[debug] [2025-03-26T11:26:24.542Z] Checked if tokens are valid: true, expires at: 1742991975863
[debug] [2025-03-26T11:26:24.542Z] >>> [apiv2][query] GET https://mobilesdk-pa.googleapis.com/v1/accessmanagement/tos:getStatus [none]
[debug] [2025-03-26T11:26:25.066Z] <<< [apiv2][status] GET https://mobilesdk-pa.googleapis.com/v1/accessmanagement/tos:getStatus 200
[debug] [2025-03-26T11:26:25.067Z] <<< [apiv2][body] GET https://mobilesdk-pa.googleapis.com/v1/accessmanagement/tos:getStatus {"overallStatus":"ACCEPTED","uTosStatus":{"tos":{"id":"firebase","tosId":"FIREBASE_UNIVERSAL"},"status":"ACCEPTED"},"childTosStatus":[{"tos":{"id":"cloud","tosId":"CLOUD_PLATFORM"},"status":"ACCEPTED"},{"tos":{"id":"firebase_b2b","tosId":"FIREBASE_B2B"},"status":"ACCEPTED"},{"tos":{"id":"universal","tosId":"GOOGLE_APIS"},"status":"ACCEPTED"}],"termsUrl":"https://firebase.google.com/terms","perServiceStatus":[{"tosId":"APP_CHECK","serviceStatus":{"tos":{"id":"app_check","tosId":"APP_CHECK"},"status":"ACCEPTED"}},{"tosId":"APP_HOSTING_TOS","serviceStatus":{"tos":{"id":"app_hosting","tosId":"APP_HOSTING_TOS"},"status":"ACCEPTED"}},{"tosId":"FIREBASE_DATA_CONNECT","serviceStatus":{"tos":{"id":"data_connect","tosId":"FIREBASE_DATA_CONNECT"},"status":"ACCEPTED"}},{"tosId":"CORE_APPS","serviceStatus":{"tos":{"id":"core_apps","tosId":"CORE_APPS"},"status":"ACCEPTED"}},{"tosId":"VERTEX_AI_IN_FIREBASE","serviceStatus":{"tos":{"id":"vertex_ai_in_firebase","tosId":"VERTEX_AI_IN_FIREBASE"},"status":"ACCEPTED"}},{"tosId":"FIREBASE_CRASHLYTICS_APP_DISTRIBUTION","serviceStatus":{"tos":{"id":"firebase_crashlytics_app_distribution","tosId":"FIREBASE_CRASHLYTICS_APP_DISTRIBUTION"},"status":"ACCEPTED"}},{"tosId":"GENERATIVE_LANGUAGE","serviceStatus":{"tos":{"id":"generative-language-api","tosId":"GENERATIVE_LANGUAGE"},"status":"NEVER_ACCEPTED"}}]}
[info] i  dataconnect: Preparing to deploy 
[debug] [2025-03-26T11:26:25.091Z] defaultcredentials: writing to file C:\Users\harsh\AppData\Roaming\firebase\harshvardhansanguri_gmail_com_application_default_credentials.json
[debug] [2025-03-26T11:26:25.093Z] Setting GAC to C:\Users\harsh\AppData\Roaming\firebase\harshvardhansanguri_gmail_com_application_default_credentials.json {"metadata":{"emulator":{"name":"dataconnect"},"message":"Setting GAC to C:\\Users\\harsh\\AppData\\Roaming\\firebase\\harshvardhansanguri_gmail_com_application_default_credentials.json"}}
[debug] [2025-03-26T11:26:25.342Z] I0326 16:56:25.337665   19360 control.go:59] [/emulator/rentafarm 7d1d] UpdateResources(): done
Schema: sources: schema\schema.gql [2088B] 
Connector "default": sources: connector\mutations.gql [1233B] connector\queries.gql [1802B] 
 {"metadata":{"emulator":{"name":"dataconnect"},"message":"I0326 16:56:25.337665   19360 control.go:59] [/emulator/rentafarm 7d1d] UpdateResources(): done\nSchema: sources: schema\\schema.gql [2088B] \nConnector \"default\": sources: connector\\mutations.gql [1233B] connector\\queries.gql [1802B] \n"}}
[info] i  dataconnect: Successfully prepared schema and connectors 
[debug] [2025-03-26T11:26:25.343Z] {
  "serviceInfos": [
    {
      "serviceName": "projects/rentafarm-2e5c2/locations/us-central1/services/rentafarm",
      "sourceDirectory": "C:\\Users\\harsh\\RentAFarm\\dataconnect",
      "schema": {
        "name": "projects/rentafarm-2e5c2/locations/us-central1/services/rentafarm/schemas/main",
        "datasources": [
          {
            "postgresql": {
              "database": "fdcdb",
              "cloudSql": {
                "instance": "projects/rentafarm-2e5c2/locations/us-central1/instances/rentafarm-fdc"
              }
            }
          }
        ],
        "source": {
          "files": [
            {
              "path": "schema.gql",
              "content": "# # Example schema for simple movie review app\n\n# # User table is keyed by Firebase Auth UID.\n# type User @table {\n#   # `@default(expr: \"auth.uid\")` sets it to Firebase Auth UID during insert and upsert.\n#   id: String! @default(expr: \"auth.uid\")\n#   username: String! @col(dataType: \"varchar(50)\")\n#   # The `user: User!` field in the Review table generates the following one-to-many query field.\n#   #  reviews_on_user: [Review!]!\n#   # The `Review` join table the following many-to-many query field.\n#   #  movies_via_Review: [Movie!]!\n# }\n\n# # Movie is keyed by a randomly generated UUID.\n# type Movie @table {\n#   # If you do not pass a 'key' to `@table`, Data Connect automatically adds the following 'id' column.\n#   # Feel free to uncomment and customize it.\n#   #  id: UUID! @default(expr: \"uuidV4()\")\n#   title: String!\n#   imageUrl: String!\n#   genre: String\n# }\n\n# # MovieMetadata is a metadata attached to a Movie.\n# # Movie <-> MovieMetadata is a one-to-one relationship\n# type MovieMetadata @table {\n#   # @unique ensures each Movie can only one MovieMetadata.\n#   movie: Movie! @unique\n#   # The movie field adds the following foreign key field. Feel free to uncomment and customize it.\n#   #  movieId: UUID!\n#   rating: Float\n#   releaseYear: Int\n#   description: String\n# }\n\n# # Reviews is a join table between User and Movie.\n# # It has a composite primary keys `userUid` and `movieId`.\n# # A user can leave reviews for many movies. A movie can have reviews from many users.\n# # User  <-> Review is a one-to-many relationship\n# # Movie <-> Review is a one-to-many relationship\n# # Movie <-> User is a many-to-many relationship\n# type Review @table(name: \"Reviews\", key: [\"movie\", \"user\"]) {\n#   user: User!\n#   # The user field adds the following foreign key field. Feel free to uncomment and customize it.\n#   #  userUid: String!\n#   movie: Movie!\n#   # The movie field adds the following foreign key field. Feel free to uncomment and customize it.\n#   #  movieId: UUID!\n#   rating: Int\n#   reviewText: String\n#   reviewDate: Date! @default(expr: \"request.time\")\n# }\n"
            }
          ]
        }
      },
      "dataConnectYaml": {
        "specVersion": "v1beta",
        "serviceId": "rentafarm",
        "location": "us-central1",
        "schema": {
          "source": "./schema",
          "datasource": {
            "postgresql": {
              "database": "fdcdb",
              "cloudSql": {
                "instanceId": "rentafarm-fdc"
              }
            }
          }
        },
        "connectorDirs": [
          "./connector"
        ]
      },
      "connectorInfo": [
        {
          "directory": "C:\\Users\\harsh\\RentAFarm\\dataconnect\\connector",
          "connectorYaml": {
            "connectorId": "default"
          },
          "connector": {
            "name": "projects/rentafarm-2e5c2/locations/us-central1/services/rentafarm/connectors/default",
            "source": {
              "files": [
                {
                  "path": "mutations.gql",
                  "content": "# # Example mutations for a simple movie app\n\n# # Create a movie based on user input\n# mutation CreateMovie($title: String!, $genre: String!, $imageUrl: String!)\n# @auth(level: USER_EMAIL_VERIFIED) {\n#   movie_insert(data: { title: $title, genre: $genre, imageUrl: $imageUrl })\n# }\n\n# # Upsert (update or insert) a user's username based on their auth.uid\n# mutation UpsertUser($username: String!) @auth(level: USER) {\n#   # The \"auth.uid\" server value ensures that users can only register their own user.\n#   user_upsert(data: { id_expr: \"auth.uid\", username: $username })\n# }\n\n# # Add a review for a movie\n# mutation AddReview($movieId: UUID!, $rating: Int!, $reviewText: String!)\n# @auth(level: USER) {\n#   review_upsert(\n#     data: {\n#       userId_expr: \"auth.uid\"\n#       movieId: $movieId\n#       rating: $rating\n#       reviewText: $reviewText\n#       # reviewDate defaults to today in the schema. No need to set it manually.\n#     }\n#   )\n# }\n\n# # Logged in user can delete their review for a movie\n# mutation DeleteReview($movieId: UUID!) @auth(level: USER) {\n#   # The \"auth.uid\" server value ensures that users can only delete their own reviews.\n#   review_delete(key: { userId_expr: \"auth.uid\", movieId: $movieId })\n# }\n"
                },
                {
                  "path": "queries.gql",
                  "content": "# # Example queries for a simple movie app.\n\n# # @auth() directives control who can call each operation.\n# # Anyone should be able to list all movies, so the auth level is set to PUBLIC\n# query ListMovies @auth(level: PUBLIC) {\n#   movies {\n#     id\n#     title\n#     imageUrl\n#     genre\n#   }\n# }\n\n# # List all users, only admins should be able to list all users, so we use NO_ACCESS\n# query ListUsers @auth(level: NO_ACCESS) {\n#   users {\n#     id\n#     username\n#   }\n# }\n\n# # Logged in users can list all their reviews and movie titles associated with the review\n# # Since the query uses the uid of the current authenticated user, we set auth level to USER\n# query ListUserReviews @auth(level: USER) {\n#   user(key: { id_expr: \"auth.uid\" }) {\n#     id\n#     username\n#     # <field>_on_<foreign_key_field> makes it easy to grab info from another table\n#     # Here, we use it to grab all the reviews written by the user.\n#     reviews: reviews_on_user {\n#       rating\n#       reviewDate\n#       reviewText\n#       movie {\n#         id\n#         title\n#       }\n#     }\n#   }\n# }\n\n# # Get movie by id\n# query GetMovieById($id: UUID!) @auth(level: PUBLIC) {\n#   movie(id: $id) {\n#     id\n#     title\n#     imageUrl\n#     genre\n#     metadata: movieMetadata_on_movie {\n#       rating\n#       releaseYear\n#       description\n#     }\n#     reviews: reviews_on_movie {\n#       reviewText\n#       reviewDate\n#       rating\n#       user {\n#         id\n#         username\n#       }\n#     }\n#   }\n# }\n\n# # Search for movies, actors, and reviews\n# query SearchMovie($titleInput: String, $genre: String) @auth(level: PUBLIC) {\n#   movies(\n#     where: {\n#       _and: [{ genre: { eq: $genre } }, { title: { contains: $titleInput } }]\n#     }\n#   ) {\n#     id\n#     title\n#     genre\n#     imageUrl\n#   }\n# }\n"
                }
              ]
            }
          }
        }
      ],
      "deploymentMetadata": {
        "primaryDataSource": {
          "postgres": {
            "requiredExtensions": null
          }
        }
      }
    }
  ]
}
[debug] [2025-03-26T11:26:25.343Z] Checked if tokens are valid: true, expires at: 1742991975863
[debug] [2025-03-26T11:26:25.343Z] Checked if tokens are valid: true, expires at: 1742991975863
[debug] [2025-03-26T11:26:25.343Z] >>> [apiv2][query] GET https://firebasedataconnect.googleapis.com/v1/projects/rentafarm-2e5c2/locations/-/services [none]
[debug] [2025-03-26T11:26:27.426Z] <<< [apiv2][status] GET https://firebasedataconnect.googleapis.com/v1/projects/rentafarm-2e5c2/locations/-/services 200
[debug] [2025-03-26T11:26:27.426Z] <<< [apiv2][body] GET https://firebasedataconnect.googleapis.com/v1/projects/rentafarm-2e5c2/locations/-/services {"services":[{"name":"projects/rentafarm-2e5c2/locations/us-central1/services/rentafarm","createTime":"2025-03-26T10:44:02.951218916Z","updateTime":"2025-03-26T10:44:04.141800008Z","uid":"726cc664-5603-48c8-b11b-8be9d13c301f","reconciling":false,"etag":"897i2AvBSJ8ZxMeT8qXCzQNRMgEC3xDNW2FNLL9ZkYA"}]}
[info] i  dataconnect: Checking for CloudSQL resources... 
[debug] [2025-03-26T11:26:27.427Z] Checked if tokens are valid: true, expires at: 1742991975863
[debug] [2025-03-26T11:26:27.427Z] Checked if tokens are valid: true, expires at: 1742991975863
[debug] [2025-03-26T11:26:27.427Z] >>> [apiv2][query] GET https://sqladmin.googleapis.com/v1/projects/rentafarm-2e5c2/instances/rentafarm-fdc [none]
[debug] [2025-03-26T11:26:32.653Z] <<< [apiv2][status] GET https://sqladmin.googleapis.com/v1/projects/rentafarm-2e5c2/instances/rentafarm-fdc 200
[debug] [2025-03-26T11:26:32.653Z] <<< [apiv2][body] GET https://sqladmin.googleapis.com/v1/projects/rentafarm-2e5c2/instances/rentafarm-fdc {"kind":"sql#instance","state":"RUNNABLE","databaseVersion":"POSTGRES_15","settings":{"authorizedGaeApplications":[],"tier":"db-f1-micro","kind":"sql#settings","userLabels":{"firebase-data-connect":"ft"},"availabilityType":"ZONAL","pricingPlan":"PER_USE","replicationType":"SYNCHRONOUS","activationPolicy":"ALWAYS","ipConfiguration":{"authorizedNetworks":[],"sslMode":"ALLOW_UNENCRYPTED_AND_ENCRYPTED","ipv4Enabled":true,"requireSsl":false,"serverCaMode":"GOOGLE_MANAGED_INTERNAL_CA"},"locationPreference":{"zone":"us-central1-c","kind":"sql#locationPreference"},"databaseFlags":[{"name":"cloudsql.iam_authentication","value":"on"}],"dataDiskType":"PD_SSD","backupConfiguration":{"startTime":"20:00","kind":"sql#backupConfiguration","backupRetentionSettings":{"retentionUnit":"COUNT","retainedBackups":7},"enabled":false,"transactionLogRetentionDays":7,"transactionalLogStorageState":"TRANSACTIONAL_LOG_STORAGE_STATE_UNSPECIFIED"},"insightsConfig":{"queryInsightsEnabled":true,"queryStringLength":1024,"queryPlansPerMinute":5},"edition":"ENTERPRISE","connectorEnforcement":"NOT_REQUIRED","settingsVersion":"1","storageAutoResizeLimit":"0","storageAutoResize":false,"dataDiskSizeGb":"10","deletionProtectionEnabled":false,"replicationLagMaxSeconds":31536000,"enableGoogleMlIntegration":false},"etag":"d04de66d795d51785e0b7fb0be452d443f969736aa271d3768231858298a2795","ipAddresses":[{"type":"PRIMARY","ipAddress":"34.59.125.91"},{"type":"OUTGOING","ipAddress":"34.31.210.90"}],"serverCaCert":{"kind":"sql#sslCert","certSerialNumber":"0","cert":"-----BEGIN CERTIFICATE-----\nMIIDfzCCAmegAwIBAgIBADANBgkqhkiG9w0BAQsFADB3MS0wKwYDVQQuEyQ4MTE0\nOTcxMC02ZDRiLTQyOGQtOTUwNS0yY2UzN2E5NmNlODAxIzAhBgNVBAMTGkdvb2ds\nZSBDbG91ZCBTUUwgU2VydmVyIENBMRQwEgYDVQQKEwtHb29nbGUsIEluYzELMAkG\nA1UEBhMCVVMwHhcNMjUwMzI2MTA0NDM2WhcNMzUwMzI0MTA0NTM2WjB3MS0wKwYD\nVQQuEyQ4MTE0OTcxMC02ZDRiLTQyOGQtOTUwNS0yY2UzN2E5NmNlODAxIzAhBgNV\nBAMTGkdvb2dsZSBDbG91ZCBTUUwgU2VydmVyIENBMRQwEgYDVQQKEwtHb29nbGUs\nIEluYzELMAkGA1UEBhMCVVMwggEiMA0GCSqGSIb3DQEBAQUAA4IBDwAwggEKAoIB\nAQCaevZu/0Z5gVfEKxNJkdfccisBjBCDXDbq9UKp547J6Tk6EEKc+v8jFEB8uh9Z\npJM0mQklnmmeXXOmv65/zBYkByFI/3Gd2elkww+OV5oloQNr9I8HtdWdQhtKVhpp\nA8JjaO+PLxdazy2i1gXX4UTMkJyM13I/2ZAs05L6x/ium8Y9XQAVoCISieoKQoY9\nhkyTQhFDr4cqVxAbZBDMs1NYTCrcVdAYL+6fCJNfu37LJJpKzWWj7PO+7k5YBG5Q\nI/YOzbpp/Wb23Ltd0WJAY5jiuY+F7VeaeaI29HVa+lBy34g8O/FEerpdmhET8KXb\nnKMN1bHaR1bpO1YWRpW9uJK1AgMBAAGjFjAUMBIGA1UdEwEB/wQIMAYBAf8CAQAw\nDQYJKoZIhvcNAQELBQADggEBAB+AenwsiqtVY6bhtzMEo1DDFaOvmBya+FcctPcH\n9FuDIeZjVYutSrVRZ+6sD5QsVyCL4xfc0Iz/o3fqmjdcSBaFMLPZX5agj7bXf72Y\no1nddj3nuMSYDFsSXPpKflWIDt9neRuC8lJoVZFH5zprX/7zWTQ3T+Mz9Zvzxqpn\nuHQTUNYanRHg/xfkHS1UlMVnIUX8PijlmDUuHIBIWIF6aMdrX2PU90XlSGw0DFf9\nX/Eg5JvzzfZij7Pp0thRgM0vl23TVjXqtTO287hmwomNHabNwurvI0x8jB0/PjsG\nlJPcgJ7lnDviKLjGuSJLYKhwWD4GzE4UbC+MH4ca+xlFrQg=\n-----END CERTIFICATE-----","commonName":"C=US,O=Google\\, Inc,CN=Google Cloud SQL Server CA,dnQualifier=81149710-6d4b-428d-9505-2ce37a96ce80","sha1Fingerprint":"70fb0cdcf72ee1a0a3530cb74255e06213015238","instance":"rentafarm-fdc","createTime":"2025-03-26T10:44:36.135Z","expirationTime":"2035-03-24T10:45:36.135Z"},"instanceType":"CLOUD_SQL_INSTANCE","project":"rentafarm-2e5c2","serviceAccountEmailAddress":"p898870527321-yvlc27@gcp-sa-cloud-sql.iam.gserviceaccount.com","backendType":"SECOND_GEN","selfLink":"https://sqladmin.googleapis.com/v1/projects/rentafarm-2e5c2/instances/rentafarm-fdc","connectionName":"rentafarm-2e5c2:us-central1:rentafarm-fdc","name":"rentafarm-fdc","region":"us-central1","gceZone":"us-central1-c","databaseInstalledVersion":"POSTGRES_15_12","maintenanceVersion":"POSTGRES_15_12.R20250302.00_04","createTime":"2025-03-26T10:44:07.819Z","sqlNetworkArchitecture":"NEW_NETWORK_ARCHITECTURE","satisfiesPzi":true,"includeReplicasForMajorVersionUpgrade":false}
[info] i  dataconnect: Found existing instance rentafarm-fdc. 
[debug] [2025-03-26T11:26:32.654Z] Checked if tokens are valid: true, expires at: 1742991975863
[debug] [2025-03-26T11:26:32.654Z] Checked if tokens are valid: true, expires at: 1742991975863
[debug] [2025-03-26T11:26:32.654Z] >>> [apiv2][query] GET https://sqladmin.googleapis.com/v1/projects/rentafarm-2e5c2/instances/rentafarm-fdc/databases/fdcdb [none]
[debug] [2025-03-26T11:26:33.444Z] <<< [apiv2][status] GET https://sqladmin.googleapis.com/v1/projects/rentafarm-2e5c2/instances/rentafarm-fdc/databases/fdcdb 200
[debug] [2025-03-26T11:26:33.444Z] <<< [apiv2][body] GET https://sqladmin.googleapis.com/v1/projects/rentafarm-2e5c2/instances/rentafarm-fdc/databases/fdcdb {"kind":"sql#database","charset":"UTF8","collation":"en_US.UTF8","etag":"59c6444c7fe5e3eb75224f56cb9ee055b3dbc402595ac3c5290245e5ebfcced0","name":"fdcdb","instance":"rentafarm-fdc","selfLink":"https://sqladmin.googleapis.com/v1/projects/rentafarm-2e5c2/instances/rentafarm-fdc/databases/fdcdb","project":"rentafarm-2e5c2"}
[info] i  dataconnect: Found existing database fdcdb. 
[info] i  dataconnect: Deploying Data Connect schemas... 
[debug] [2025-03-26T11:26:33.445Z] Checked if tokens are valid: true, expires at: 1742991975863
[debug] [2025-03-26T11:26:33.445Z] Checked if tokens are valid: true, expires at: 1742991975863
[debug] [2025-03-26T11:26:33.446Z] >>> [apiv2][query] GET https://firebasedataconnect.googleapis.com/v1/projects/rentafarm-2e5c2/locations/us-central1/services/rentafarm/schemas/main [none]
[debug] [2025-03-26T11:26:35.148Z] <<< [apiv2][status] GET https://firebasedataconnect.googleapis.com/v1/projects/rentafarm-2e5c2/locations/us-central1/services/rentafarm/schemas/main 200
[debug] [2025-03-26T11:26:35.148Z] <<< [apiv2][body] GET https://firebasedataconnect.googleapis.com/v1/projects/rentafarm-2e5c2/locations/us-central1/services/rentafarm/schemas/main {"name":"projects/rentafarm-2e5c2/locations/us-central1/services/rentafarm/schemas/main","createTime":"2025-03-26T10:55:29.645989815Z","updateTime":"2025-03-26T10:56:04.169822109Z","source":{},"uid":"f0595db1-68c3-4ab1-b36b-1344037c7f8b","reconciling":false,"datasources":[{"postgresql":{"database":"fdcdb","cloudSql":{"instance":"projects/rentafarm-2e5c2/locations/us-central1/instances/rentafarm-fdc"},"schemaValidation":"STRICT"}}],"etag":"agPpnYLbSuMyRejiKZp1-2zi09O0XAJQnP9zOacmhDQ"}
[debug] [2025-03-26T11:26:35.148Z] > command requires scopes: ["email","openid","https://www.googleapis.com/auth/cloudplatformprojects.readonly","https://www.googleapis.com/auth/firebase","https://www.googleapis.com/auth/cloud-platform"]
[debug] [2025-03-26T11:26:35.148Z] > authorizing via signed-in user (harshvardhansanguri@gmail.com)
[debug] [2025-03-26T11:26:35.149Z] Checked if tokens are valid: true, expires at: 1742991975863
[debug] [2025-03-26T11:26:35.149Z] Checked if tokens are valid: true, expires at: 1742991975863
[debug] [2025-03-26T11:26:35.149Z] >>> [apiv2][query] POST https://sqladmin.googleapis.com/v1/projects/rentafarm-2e5c2/instances/rentafarm-fdc/users [none]
[debug] [2025-03-26T11:26:35.149Z] >>> [apiv2][body] POST https://sqladmin.googleapis.com/v1/projects/rentafarm-2e5c2/instances/rentafarm-fdc/users {"name":"harshvardhansanguri@gmail.com","instance":"rentafarm-fdc","project":"rentafarm-2e5c2","sqlserverUserDetails":{"disabled":false,"serverRoles":["cloudsqlsuperuser"]},"type":"CLOUD_IAM_USER"}
[debug] [2025-03-26T11:26:36.019Z] <<< [apiv2][status] POST https://sqladmin.googleapis.com/v1/projects/rentafarm-2e5c2/instances/rentafarm-fdc/users 200
[debug] [2025-03-26T11:26:36.019Z] <<< [apiv2][body] POST https://sqladmin.googleapis.com/v1/projects/rentafarm-2e5c2/instances/rentafarm-fdc/users {"kind":"sql#operation","targetLink":"https://sqladmin.googleapis.com/v1/projects/rentafarm-2e5c2/instances/rentafarm-fdc","status":"DONE","user":"harshvardhansanguri@gmail.com","insertTime":"2025-03-26T11:26:34.012Z","startTime":"2025-03-26T11:26:34.025Z","endTime":"2025-03-26T11:26:34.182Z","operationType":"CREATE_USER","name":"a1527ae9-1c81-46d2-be33-19ee00000032","targetId":"rentafarm-fdc","selfLink":"https://sqladmin.googleapis.com/v1/projects/rentafarm-2e5c2/operations/a1527ae9-1c81-46d2-be33-19ee00000032","targetProject":"rentafarm-2e5c2"}
[debug] [2025-03-26T11:26:36.020Z] Checked if tokens are valid: true, expires at: 1742991975863
[debug] [2025-03-26T11:26:36.021Z] Checked if tokens are valid: true, expires at: 1742991975863
[debug] [2025-03-26T11:26:36.021Z] >>> [apiv2][query] GET https://sqladmin.googleapis.com/v1/projects/rentafarm-2e5c2/operations/a1527ae9-1c81-46d2-be33-19ee00000032 [none]
[debug] [2025-03-26T11:26:36.660Z] <<< [apiv2][status] GET https://sqladmin.googleapis.com/v1/projects/rentafarm-2e5c2/operations/a1527ae9-1c81-46d2-be33-19ee00000032 200
[debug] [2025-03-26T11:26:36.660Z] <<< [apiv2][body] GET https://sqladmin.googleapis.com/v1/projects/rentafarm-2e5c2/operations/a1527ae9-1c81-46d2-be33-19ee00000032 {"kind":"sql#operation","targetLink":"https://sqladmin.googleapis.com/v1/projects/rentafarm-2e5c2/instances/rentafarm-fdc","status":"DONE","user":"harshvardhansanguri@gmail.com","insertTime":"2025-03-26T11:26:34.012Z","startTime":"2025-03-26T11:26:34.025Z","endTime":"2025-03-26T11:26:34.182Z","operationType":"CREATE_USER","name":"a1527ae9-1c81-46d2-be33-19ee00000032","targetId":"rentafarm-fdc","selfLink":"https://sqladmin.googleapis.com/v1/projects/rentafarm-2e5c2/operations/a1527ae9-1c81-46d2-be33-19ee00000032","targetProject":"rentafarm-2e5c2"}
[debug] [2025-03-26T11:26:36.660Z] Checked if tokens are valid: true, expires at: 1742991975863
[debug] [2025-03-26T11:26:36.660Z] Checked if tokens are valid: true, expires at: 1742991975863
[debug] [2025-03-26T11:26:36.660Z] >>> [apiv2][query] GET https://cloudresourcemanager.googleapis.com/v1/projects/rentafarm-2e5c2 [none]
[debug] [2025-03-26T11:26:38.196Z] <<< [apiv2][status] GET https://cloudresourcemanager.googleapis.com/v1/projects/rentafarm-2e5c2 200
[debug] [2025-03-26T11:26:38.196Z] <<< [apiv2][body] GET https://cloudresourcemanager.googleapis.com/v1/projects/rentafarm-2e5c2 {"projectNumber":"898870527321","projectId":"rentafarm-2e5c2","lifecycleState":"ACTIVE","name":"RentAFarm","labels":{"firebase":"enabled","firebase-core":"disabled"},"createTime":"2025-03-22T05:31:29.408847Z"}
[debug] [2025-03-26T11:26:38.196Z] Checked if tokens are valid: true, expires at: 1742991975863
[debug] [2025-03-26T11:26:38.196Z] Checked if tokens are valid: true, expires at: 1742991975863
[debug] [2025-03-26T11:26:38.196Z] >>> [apiv2][query] POST https://sqladmin.googleapis.com/v1/projects/rentafarm-2e5c2/instances/rentafarm-fdc/users [none]
[debug] [2025-03-26T11:26:38.197Z] >>> [apiv2][body] POST https://sqladmin.googleapis.com/v1/projects/rentafarm-2e5c2/instances/rentafarm-fdc/users {"name":"service-898870527321@gcp-sa-firebasedataconnect.iam","instance":"rentafarm-fdc","project":"rentafarm-2e5c2","sqlserverUserDetails":{"disabled":false,"serverRoles":["cloudsqlsuperuser"]},"type":"CLOUD_IAM_SERVICE_ACCOUNT"}
[debug] [2025-03-26T11:26:39.083Z] <<< [apiv2][status] POST https://sqladmin.googleapis.com/v1/projects/rentafarm-2e5c2/instances/rentafarm-fdc/users 200
[debug] [2025-03-26T11:26:39.083Z] <<< [apiv2][body] POST https://sqladmin.googleapis.com/v1/projects/rentafarm-2e5c2/instances/rentafarm-fdc/users {"kind":"sql#operation","targetLink":"https://sqladmin.googleapis.com/v1/projects/rentafarm-2e5c2/instances/rentafarm-fdc","status":"DONE","user":"harshvardhansanguri@gmail.com","insertTime":"2025-03-26T11:26:37.081Z","startTime":"2025-03-26T11:26:37.096Z","endTime":"2025-03-26T11:26:37.234Z","operationType":"CREATE_USER","name":"fff6f11d-e8f2-4238-97f0-8ab600000032","targetId":"rentafarm-fdc","selfLink":"https://sqladmin.googleapis.com/v1/projects/rentafarm-2e5c2/operations/fff6f11d-e8f2-4238-97f0-8ab600000032","targetProject":"rentafarm-2e5c2"}
[debug] [2025-03-26T11:26:39.083Z] Checked if tokens are valid: true, expires at: 1742991975863
[debug] [2025-03-26T11:26:39.083Z] Checked if tokens are valid: true, expires at: 1742991975863
[debug] [2025-03-26T11:26:39.083Z] >>> [apiv2][query] GET https://sqladmin.googleapis.com/v1/projects/rentafarm-2e5c2/operations/fff6f11d-e8f2-4238-97f0-8ab600000032 [none]
[debug] [2025-03-26T11:26:39.744Z] <<< [apiv2][status] GET https://sqladmin.googleapis.com/v1/projects/rentafarm-2e5c2/operations/fff6f11d-e8f2-4238-97f0-8ab600000032 200
[debug] [2025-03-26T11:26:39.744Z] <<< [apiv2][body] GET https://sqladmin.googleapis.com/v1/projects/rentafarm-2e5c2/operations/fff6f11d-e8f2-4238-97f0-8ab600000032 {"kind":"sql#operation","targetLink":"https://sqladmin.googleapis.com/v1/projects/rentafarm-2e5c2/instances/rentafarm-fdc","status":"DONE","user":"harshvardhansanguri@gmail.com","insertTime":"2025-03-26T11:26:37.081Z","startTime":"2025-03-26T11:26:37.096Z","endTime":"2025-03-26T11:26:37.234Z","operationType":"CREATE_USER","name":"fff6f11d-e8f2-4238-97f0-8ab600000032","targetId":"rentafarm-fdc","selfLink":"https://sqladmin.googleapis.com/v1/projects/rentafarm-2e5c2/operations/fff6f11d-e8f2-4238-97f0-8ab600000032","targetProject":"rentafarm-2e5c2"}
[debug] [2025-03-26T11:26:39.744Z] > command requires scopes: ["email","openid","https://www.googleapis.com/auth/cloudplatformprojects.readonly","https://www.googleapis.com/auth/firebase","https://www.googleapis.com/auth/cloud-platform"]
[debug] [2025-03-26T11:26:39.744Z] > authorizing via signed-in user (harshvardhansanguri@gmail.com)
[debug] [2025-03-26T11:26:39.744Z] Checked if tokens are valid: true, expires at: 1742991975863
[debug] [2025-03-26T11:26:39.744Z] Checked if tokens are valid: true, expires at: 1742991975863
[debug] [2025-03-26T11:26:39.744Z] >>> [apiv2][query] POST https://sqladmin.googleapis.com/v1/projects/rentafarm-2e5c2/instances/rentafarm-fdc/users [none]
[debug] [2025-03-26T11:26:39.744Z] >>> [apiv2][body] POST https://sqladmin.googleapis.com/v1/projects/rentafarm-2e5c2/instances/rentafarm-fdc/users {"name":"harshvardhansanguri@gmail.com","instance":"rentafarm-fdc","project":"rentafarm-2e5c2","sqlserverUserDetails":{"disabled":false,"serverRoles":["cloudsqlsuperuser"]},"type":"CLOUD_IAM_USER"}
[debug] [2025-03-26T11:26:40.621Z] <<< [apiv2][status] POST https://sqladmin.googleapis.com/v1/projects/rentafarm-2e5c2/instances/rentafarm-fdc/users 200
[debug] [2025-03-26T11:26:40.621Z] <<< [apiv2][body] POST https://sqladmin.googleapis.com/v1/projects/rentafarm-2e5c2/instances/rentafarm-fdc/users {"kind":"sql#operation","targetLink":"https://sqladmin.googleapis.com/v1/projects/rentafarm-2e5c2/instances/rentafarm-fdc","status":"DONE","user":"harshvardhansanguri@gmail.com","insertTime":"2025-03-26T11:26:38.630Z","startTime":"2025-03-26T11:26:38.645Z","endTime":"2025-03-26T11:26:38.786Z","operationType":"CREATE_USER","name":"e681c46e-c4e5-419a-8cb5-cbe500000032","targetId":"rentafarm-fdc","selfLink":"https://sqladmin.googleapis.com/v1/projects/rentafarm-2e5c2/operations/e681c46e-c4e5-419a-8cb5-cbe500000032","targetProject":"rentafarm-2e5c2"}
[debug] [2025-03-26T11:26:40.621Z] Checked if tokens are valid: true, expires at: 1742991975863
[debug] [2025-03-26T11:26:40.621Z] Checked if tokens are valid: true, expires at: 1742991975863
[debug] [2025-03-26T11:26:40.621Z] >>> [apiv2][query] GET https://sqladmin.googleapis.com/v1/projects/rentafarm-2e5c2/operations/e681c46e-c4e5-419a-8cb5-cbe500000032 [none]
[debug] [2025-03-26T11:26:41.270Z] <<< [apiv2][status] GET https://sqladmin.googleapis.com/v1/projects/rentafarm-2e5c2/operations/e681c46e-c4e5-419a-8cb5-cbe500000032 200
[debug] [2025-03-26T11:26:41.271Z] <<< [apiv2][body] GET https://sqladmin.googleapis.com/v1/projects/rentafarm-2e5c2/operations/e681c46e-c4e5-419a-8cb5-cbe500000032 {"kind":"sql#operation","targetLink":"https://sqladmin.googleapis.com/v1/projects/rentafarm-2e5c2/instances/rentafarm-fdc","status":"DONE","user":"harshvardhansanguri@gmail.com","insertTime":"2025-03-26T11:26:38.630Z","startTime":"2025-03-26T11:26:38.645Z","endTime":"2025-03-26T11:26:38.786Z","operationType":"CREATE_USER","name":"e681c46e-c4e5-419a-8cb5-cbe500000032","targetId":"rentafarm-fdc","selfLink":"https://sqladmin.googleapis.com/v1/projects/rentafarm-2e5c2/operations/e681c46e-c4e5-419a-8cb5-cbe500000032","targetProject":"rentafarm-2e5c2"}
[debug] [2025-03-26T11:26:41.271Z] Checked if tokens are valid: true, expires at: 1742991975863
[debug] [2025-03-26T11:26:41.271Z] Checked if tokens are valid: true, expires at: 1742991975863
[debug] [2025-03-26T11:26:41.271Z] >>> [apiv2][query] POST https://sqladmin.googleapis.com/v1/projects/rentafarm-2e5c2/instances/rentafarm-fdc/users [none]
[debug] [2025-03-26T11:26:41.271Z] >>> [apiv2][body] POST https://sqladmin.googleapis.com/v1/projects/rentafarm-2e5c2/instances/rentafarm-fdc/users {"name":"service-898870527321@gcp-sa-firebasedataconnect.iam","instance":"rentafarm-fdc","project":"rentafarm-2e5c2","sqlserverUserDetails":{"disabled":false,"serverRoles":["cloudsqlsuperuser"]},"type":"CLOUD_IAM_SERVICE_ACCOUNT"}
[debug] [2025-03-26T11:26:42.151Z] <<< [apiv2][status] POST https://sqladmin.googleapis.com/v1/projects/rentafarm-2e5c2/instances/rentafarm-fdc/users 200
[debug] [2025-03-26T11:26:42.151Z] <<< [apiv2][body] POST https://sqladmin.googleapis.com/v1/projects/rentafarm-2e5c2/instances/rentafarm-fdc/users {"kind":"sql#operation","targetLink":"https://sqladmin.googleapis.com/v1/projects/rentafarm-2e5c2/instances/rentafarm-fdc","status":"DONE","user":"harshvardhansanguri@gmail.com","insertTime":"2025-03-26T11:26:40.157Z","startTime":"2025-03-26T11:26:40.172Z","endTime":"2025-03-26T11:26:40.308Z","operationType":"CREATE_USER","name":"6b7e18eb-f94d-40a6-b16d-b4df00000032","targetId":"rentafarm-fdc","selfLink":"https://sqladmin.googleapis.com/v1/projects/rentafarm-2e5c2/operations/6b7e18eb-f94d-40a6-b16d-b4df00000032","targetProject":"rentafarm-2e5c2"}
[debug] [2025-03-26T11:26:42.151Z] Checked if tokens are valid: true, expires at: 1742991975863
[debug] [2025-03-26T11:26:42.151Z] Checked if tokens are valid: true, expires at: 1742991975863
[debug] [2025-03-26T11:26:42.151Z] >>> [apiv2][query] GET https://sqladmin.googleapis.com/v1/projects/rentafarm-2e5c2/operations/6b7e18eb-f94d-40a6-b16d-b4df00000032 [none]
[debug] [2025-03-26T11:26:42.817Z] <<< [apiv2][status] GET https://sqladmin.googleapis.com/v1/projects/rentafarm-2e5c2/operations/6b7e18eb-f94d-40a6-b16d-b4df00000032 200
[debug] [2025-03-26T11:26:42.818Z] <<< [apiv2][body] GET https://sqladmin.googleapis.com/v1/projects/rentafarm-2e5c2/operations/6b7e18eb-f94d-40a6-b16d-b4df00000032 {"kind":"sql#operation","targetLink":"https://sqladmin.googleapis.com/v1/projects/rentafarm-2e5c2/instances/rentafarm-fdc","status":"DONE","user":"harshvardhansanguri@gmail.com","insertTime":"2025-03-26T11:26:40.157Z","startTime":"2025-03-26T11:26:40.172Z","endTime":"2025-03-26T11:26:40.308Z","operationType":"CREATE_USER","name":"6b7e18eb-f94d-40a6-b16d-b4df00000032","targetId":"rentafarm-fdc","selfLink":"https://sqladmin.googleapis.com/v1/projects/rentafarm-2e5c2/operations/6b7e18eb-f94d-40a6-b16d-b4df00000032","targetProject":"rentafarm-2e5c2"}
[debug] [2025-03-26T11:26:42.818Z] > command requires scopes: ["email","openid","https://www.googleapis.com/auth/cloudplatformprojects.readonly","https://www.googleapis.com/auth/firebase","https://www.googleapis.com/auth/cloud-platform"]
[debug] [2025-03-26T11:26:42.818Z] > authorizing via signed-in user (harshvardhansanguri@gmail.com)
[debug] [2025-03-26T11:26:42.818Z] Checked if tokens are valid: true, expires at: 1742991975863
[debug] [2025-03-26T11:26:42.818Z] Checked if tokens are valid: true, expires at: 1742991975863
[debug] [2025-03-26T11:26:42.818Z] >>> [apiv2][query] GET https://sqladmin.googleapis.com/v1/projects/rentafarm-2e5c2/instances/rentafarm-fdc [none]
[debug] [2025-03-26T11:26:43.525Z] <<< [apiv2][status] GET https://sqladmin.googleapis.com/v1/projects/rentafarm-2e5c2/instances/rentafarm-fdc 200
[debug] [2025-03-26T11:26:43.525Z] <<< [apiv2][body] GET https://sqladmin.googleapis.com/v1/projects/rentafarm-2e5c2/instances/rentafarm-fdc {"kind":"sql#instance","state":"RUNNABLE","databaseVersion":"POSTGRES_15","settings":{"authorizedGaeApplications":[],"tier":"db-f1-micro","kind":"sql#settings","userLabels":{"firebase-data-connect":"ft"},"availabilityType":"ZONAL","pricingPlan":"PER_USE","replicationType":"SYNCHRONOUS","activationPolicy":"ALWAYS","ipConfiguration":{"authorizedNetworks":[],"sslMode":"ALLOW_UNENCRYPTED_AND_ENCRYPTED","ipv4Enabled":true,"requireSsl":false,"serverCaMode":"GOOGLE_MANAGED_INTERNAL_CA"},"locationPreference":{"zone":"us-central1-c","kind":"sql#locationPreference"},"databaseFlags":[{"name":"cloudsql.iam_authentication","value":"on"}],"dataDiskType":"PD_SSD","backupConfiguration":{"startTime":"20:00","kind":"sql#backupConfiguration","backupRetentionSettings":{"retentionUnit":"COUNT","retainedBackups":7},"enabled":false,"transactionLogRetentionDays":7,"transactionalLogStorageState":"TRANSACTIONAL_LOG_STORAGE_STATE_UNSPECIFIED"},"insightsConfig":{"queryInsightsEnabled":true,"queryStringLength":1024,"queryPlansPerMinute":5},"edition":"ENTERPRISE","connectorEnforcement":"NOT_REQUIRED","settingsVersion":"1","storageAutoResizeLimit":"0","storageAutoResize":false,"dataDiskSizeGb":"10","deletionProtectionEnabled":false,"replicationLagMaxSeconds":31536000,"enableGoogleMlIntegration":false},"etag":"d04de66d795d51785e0b7fb0be452d443f969736aa271d3768231858298a2795","ipAddresses":[{"type":"PRIMARY","ipAddress":"34.59.125.91"},{"type":"OUTGOING","ipAddress":"34.31.210.90"}],"serverCaCert":{"kind":"sql#sslCert","certSerialNumber":"0","cert":"-----BEGIN CERTIFICATE-----\nMIIDfzCCAmegAwIBAgIBADANBgkqhkiG9w0BAQsFADB3MS0wKwYDVQQuEyQ4MTE0\nOTcxMC02ZDRiLTQyOGQtOTUwNS0yY2UzN2E5NmNlODAxIzAhBgNVBAMTGkdvb2ds\nZSBDbG91ZCBTUUwgU2VydmVyIENBMRQwEgYDVQQKEwtHb29nbGUsIEluYzELMAkG\nA1UEBhMCVVMwHhcNMjUwMzI2MTA0NDM2WhcNMzUwMzI0MTA0NTM2WjB3MS0wKwYD\nVQQuEyQ4MTE0OTcxMC02ZDRiLTQyOGQtOTUwNS0yY2UzN2E5NmNlODAxIzAhBgNV\nBAMTGkdvb2dsZSBDbG91ZCBTUUwgU2VydmVyIENBMRQwEgYDVQQKEwtHb29nbGUs\nIEluYzELMAkGA1UEBhMCVVMwggEiMA0GCSqGSIb3DQEBAQUAA4IBDwAwggEKAoIB\nAQCaevZu/0Z5gVfEKxNJkdfccisBjBCDXDbq9UKp547J6Tk6EEKc+v8jFEB8uh9Z\npJM0mQklnmmeXXOmv65/zBYkByFI/3Gd2elkww+OV5oloQNr9I8HtdWdQhtKVhpp\nA8JjaO+PLxdazy2i1gXX4UTMkJyM13I/2ZAs05L6x/ium8Y9XQAVoCISieoKQoY9\nhkyTQhFDr4cqVxAbZBDMs1NYTCrcVdAYL+6fCJNfu37LJJpKzWWj7PO+7k5YBG5Q\nI/YOzbpp/Wb23Ltd0WJAY5jiuY+F7VeaeaI29HVa+lBy34g8O/FEerpdmhET8KXb\nnKMN1bHaR1bpO1YWRpW9uJK1AgMBAAGjFjAUMBIGA1UdEwEB/wQIMAYBAf8CAQAw\nDQYJKoZIhvcNAQELBQADggEBAB+AenwsiqtVY6bhtzMEo1DDFaOvmBya+FcctPcH\n9FuDIeZjVYutSrVRZ+6sD5QsVyCL4xfc0Iz/o3fqmjdcSBaFMLPZX5agj7bXf72Y\no1nddj3nuMSYDFsSXPpKflWIDt9neRuC8lJoVZFH5zprX/7zWTQ3T+Mz9Zvzxqpn\nuHQTUNYanRHg/xfkHS1UlMVnIUX8PijlmDUuHIBIWIF6aMdrX2PU90XlSGw0DFf9\nX/Eg5JvzzfZij7Pp0thRgM0vl23TVjXqtTO287hmwomNHabNwurvI0x8jB0/PjsG\nlJPcgJ7lnDviKLjGuSJLYKhwWD4GzE4UbC+MH4ca+xlFrQg=\n-----END CERTIFICATE-----","commonName":"C=US,O=Google\\, Inc,CN=Google Cloud SQL Server CA,dnQualifier=81149710-6d4b-428d-9505-2ce37a96ce80","sha1Fingerprint":"70fb0cdcf72ee1a0a3530cb74255e06213015238","instance":"rentafarm-fdc","createTime":"2025-03-26T10:44:36.135Z","expirationTime":"2035-03-24T10:45:36.135Z"},"instanceType":"CLOUD_SQL_INSTANCE","project":"rentafarm-2e5c2","serviceAccountEmailAddress":"p898870527321-yvlc27@gcp-sa-cloud-sql.iam.gserviceaccount.com","backendType":"SECOND_GEN","selfLink":"https://sqladmin.googleapis.com/v1/projects/rentafarm-2e5c2/instances/rentafarm-fdc","connectionName":"rentafarm-2e5c2:us-central1:rentafarm-fdc","name":"rentafarm-fdc","region":"us-central1","gceZone":"us-central1-c","databaseInstalledVersion":"POSTGRES_15_12","maintenanceVersion":"POSTGRES_15_12.R20250302.00_04","createTime":"2025-03-26T10:44:07.819Z","sqlNetworkArchitecture":"NEW_NETWORK_ARCHITECTURE","satisfiesPzi":true,"includeReplicasForMajorVersionUpgrade":false}
[debug] [2025-03-26T11:26:43.526Z] Checked if tokens are valid: true, expires at: 1742991975863
[debug] [2025-03-26T11:26:43.526Z] Checked if tokens are valid: true, expires at: 1742991975863
[debug] [2025-03-26T11:26:43.526Z] >>> [apiv2][query] GET https://sqladmin.googleapis.com/v1/projects/rentafarm-2e5c2/instances/rentafarm-fdc/users/harshvardhansanguri@gmail.com [none]
[debug] [2025-03-26T11:26:44.276Z] <<< [apiv2][status] GET https://sqladmin.googleapis.com/v1/projects/rentafarm-2e5c2/instances/rentafarm-fdc/users/harshvardhansanguri@gmail.com 200
[debug] [2025-03-26T11:26:44.276Z] <<< [apiv2][body] GET https://sqladmin.googleapis.com/v1/projects/rentafarm-2e5c2/instances/rentafarm-fdc/users/harshvardhansanguri@gmail.com {"kind":"sql#user","etag":"518cd5541c1ce17bbff9d6ef6d4267421289f7f2396e33a9cc9c5af0700c9164","name":"harshvardhansanguri@gmail.com","host":"","instance":"rentafarm-fdc","project":"rentafarm-2e5c2","type":"CLOUD_IAM_USER"}
[debug] [2025-03-26T11:26:44.576Z] Checked if tokens are valid: true, expires at: 1742991975863
[debug] [2025-03-26T11:26:44.576Z] Checked if tokens are valid: true, expires at: 1742991975863
[debug] [2025-03-26T11:26:44.576Z] >>> [apiv2][query] GET https://sqladmin.googleapis.com/sql/v1beta4/projects/rentafarm-2e5c2/instances/rentafarm-fdc/connectSettings 
[debug] [2025-03-26T11:26:47.007Z] <<< [apiv2][status] GET https://sqladmin.googleapis.com/sql/v1beta4/projects/rentafarm-2e5c2/instances/rentafarm-fdc/connectSettings 200
[debug] [2025-03-26T11:26:47.007Z] <<< [apiv2][body] GET https://sqladmin.googleapis.com/sql/v1beta4/projects/rentafarm-2e5c2/instances/rentafarm-fdc/connectSettings {"kind":"sql#connectSettings","serverCaCert":{"kind":"sql#sslCert","certSerialNumber":"0","cert":"-----BEGIN CERTIFICATE-----\nMIIDfzCCAmegAwIBAgIBADANBgkqhkiG9w0BAQsFADB3MS0wKwYDVQQuEyQ4MTE0\nOTcxMC02ZDRiLTQyOGQtOTUwNS0yY2UzN2E5NmNlODAxIzAhBgNVBAMTGkdvb2ds\nZSBDbG91ZCBTUUwgU2VydmVyIENBMRQwEgYDVQQKEwtHb29nbGUsIEluYzELMAkG\nA1UEBhMCVVMwHhcNMjUwMzI2MTA0NDM2WhcNMzUwMzI0MTA0NTM2WjB3MS0wKwYD\nVQQuEyQ4MTE0OTcxMC02ZDRiLTQyOGQtOTUwNS0yY2UzN2E5NmNlODAxIzAhBgNV\nBAMTGkdvb2dsZSBDbG91ZCBTUUwgU2VydmVyIENBMRQwEgYDVQQKEwtHb29nbGUs\nIEluYzELMAkGA1UEBhMCVVMwggEiMA0GCSqGSIb3DQEBAQUAA4IBDwAwggEKAoIB\nAQCaevZu/0Z5gVfEKxNJkdfccisBjBCDXDbq9UKp547J6Tk6EEKc+v8jFEB8uh9Z\npJM0mQklnmmeXXOmv65/zBYkByFI/3Gd2elkww+OV5oloQNr9I8HtdWdQhtKVhpp\nA8JjaO+PLxdazy2i1gXX4UTMkJyM13I/2ZAs05L6x/ium8Y9XQAVoCISieoKQoY9\nhkyTQhFDr4cqVxAbZBDMs1NYTCrcVdAYL+6fCJNfu37LJJpKzWWj7PO+7k5YBG5Q\nI/YOzbpp/Wb23Ltd0WJAY5jiuY+F7VeaeaI29HVa+lBy34g8O/FEerpdmhET8KXb\nnKMN1bHaR1bpO1YWRpW9uJK1AgMBAAGjFjAUMBIGA1UdEwEB/wQIMAYBAf8CAQAw\nDQYJKoZIhvcNAQELBQADggEBAB+AenwsiqtVY6bhtzMEo1DDFaOvmBya+FcctPcH\n9FuDIeZjVYutSrVRZ+6sD5QsVyCL4xfc0Iz/o3fqmjdcSBaFMLPZX5agj7bXf72Y\no1nddj3nuMSYDFsSXPpKflWIDt9neRuC8lJoVZFH5zprX/7zWTQ3T+Mz9Zvzxqpn\nuHQTUNYanRHg/xfkHS1UlMVnIUX8PijlmDUuHIBIWIF6aMdrX2PU90XlSGw0DFf9\nX/Eg5JvzzfZij7Pp0thRgM0vl23TVjXqtTO287hmwomNHabNwurvI0x8jB0/PjsG\nlJPcgJ7lnDviKLjGuSJLYKhwWD4GzE4UbC+MH4ca+xlFrQg=\n-----END CERTIFICATE-----","commonName":"C=US,O=Google\\, Inc,CN=Google Cloud SQL Server CA,dnQualifier=81149710-6d4b-428d-9505-2ce37a96ce80","sha1Fingerprint":"70fb0cdcf72ee1a0a3530cb74255e06213015238","instance":"rentafarm-fdc","createTime":"2025-03-26T10:44:36.135Z","expirationTime":"2035-03-24T10:45:36.135Z"},"ipAddresses":[{"type":"PRIMARY","ipAddress":"34.59.125.91"},{"type":"OUTGOING","ipAddress":"34.31.210.90"}],"region":"us-central1","databaseVersion":"POSTGRES_15","backendType":"SECOND_GEN","serverCaMode":"GOOGLE_MANAGED_INTERNAL_CA"}
[debug] [2025-03-26T11:26:47.007Z] Checked if tokens are valid: true, expires at: 1742991975863
[debug] [2025-03-26T11:26:47.007Z] Checked if tokens are valid: true, expires at: 1742991975863
[debug] [2025-03-26T11:26:47.008Z] Checked if tokens are valid: true, expires at: 1742991975863
[debug] [2025-03-26T11:26:47.008Z] Checked if tokens are valid: true, expires at: 1742991975863
[debug] [2025-03-26T11:26:47.008Z] >>> [apiv2][query] POST https://sqladmin.googleapis.com/sql/v1beta4/projects/rentafarm-2e5c2/instances/rentafarm-fdc:generateEphemeralCert 
[debug] [2025-03-26T11:26:47.008Z] >>> [apiv2][body] POST https://sqladmin.googleapis.com/sql/v1beta4/projects/rentafarm-2e5c2/instances/rentafarm-fdc:generateEphemeralCert {"public_key":"-----BEGIN PUBLIC KEY-----\nMIIBIjANBgkqhkiG9w0BAQEFAAOCAQ8AMIIBCgKCAQEAkW/YQWJLVfsbAC3frPP7\nbZfvg547IUci2WXO//CQ80BzcaTgqs2nDB+dVrFIXmusnp+aQ94GYKcsTv/fTIBk\n3LhGi4U5Ius6itT4Y7r0TXjvvcUtjxv9aH2IYqaXsJ6nnZGrx2Bps2FspkvTIxBL\nUqpQqVAmmIdsIsqLcTUaEqiX4kIq2AIP8d0oh8qlsEiskxBVnCPuF1385ou80+7t\n0gp795SteExoKkE9fPlceybKMynSC4QABKoJ5WTGg7SEdumcylAYeHgg9Lahd2Nl\nS/twWHm/ZAg+tcI9AAftlmBK+yeZ4iK5Z79JhbESRSmEubv2hHa3VsdAy6+n8zSY\n5QIDAQAB\n-----END PUBLIC KEY-----\n","access_token":"ya29.a0AeXRPp4h55FbKYMMAdo8A7ezwyj_f-dJyMwqwZgqJWbhEY-YuIbPm7Fgfk3YqnwckaEc037qVuASz8gs9fDx8vGOg0eJTTQYLalPEmBJ6N-H6GJKNZQa9ITQDn52VnltnNQgd91qOW9kl8yr-WUJmAmuZ6dUUp-Za1VpaNrvm3AzAyYaCgYKAX4SARASFQHGX2MiEGYkjYZ1upK1jIvz7BJA_Q0182"}
[debug] [2025-03-26T11:26:49.436Z] <<< [apiv2][status] POST https://sqladmin.googleapis.com/sql/v1beta4/projects/rentafarm-2e5c2/instances/rentafarm-fdc:generateEphemeralCert 200
[debug] [2025-03-26T11:26:49.436Z] <<< [apiv2][body] POST https://sqladmin.googleapis.com/sql/v1beta4/projects/rentafarm-2e5c2/instances/rentafarm-fdc:generateEphemeralCert {"ephemeralCert":{"kind":"sql#sslCert","certSerialNumber":"","cert":"-----BEGIN CERTIFICATE-----\nMIIEizCCA3OgAwIBAgIENlU+KzANBgkqhkiG9w0BAQsFADCBljEtMCsGA1UELhMk\nMTk1YTM4ZDUtZTJiMi00NTM0LWJhN2ItYWZhMzZiNTJiYjRmMUIwQAYDVQQDEzlH\nb29nbGUgQ2xvdWQgU1FMIFNpZ25pbmcgQ0EgcmVudGFmYXJtLTJlNWMyOnJlbnRh\nZmFybS1mZGMxFDASBgNVBAoTC0dvb2dsZSwgSW5jMQswCQYDVQQGEwJVUzAeFw0y\nNTAzMjYxMTI1NDdaFw0yNTAzMjYxMjI2NDdaMDsxFjAUBgNVBAMTDWNsb3Vkc3Fs\nLXVzZXIxFDASBgNVBAoTC0dvb2dsZSwgSW5jMQswCQYDVQQGEwJVUzCCASIwDQYJ\nKoZIhvcNAQEBBQADggEPADCCAQoCggEBAJFv2EFiS1X7GwAt36zz+22X74OeOyFH\nItllzv/wkPNAc3Gk4KrNpwwfnVaxSF5rrJ6fmkPeBmCnLE7/30yAZNy4RouFOSLr\nOorU+GO69E14773FLY8b/Wh9iGKml7Cep52Rq8dgabNhbKZL0yMQS1KqUKlQJpiH\nbCLKi3E1GhKol+JCKtgCD/HdKIfKpbBIrJMQVZwj7hdd/OaLvNPu7dIKe/eUrXhM\naCpBPXz5XHsmyjMp0guEAASqCeVkxoO0hHbpnMpQGHh4IPS2oXdjZUv7cFh5v2QI\nPrXCPQAH7ZZgSvsnmeIiuWe/SYWxEkUphLm79oR2t1bHQMuvp/M0mOUCAwEAAaOC\nATkwggE1MAkGA1UdEwQCMAAwggEmBgNVHREEggEdMIIBGYEdaGFyc2h2YXJkaGFu\nc2FuZ3VyaUBnbWFpbC5jb22ggfcGAVWggfEDge4ADQAAAAAa5QF5YTI5LmEwQWVY\nUlBwNGg1NUZiS1lNTUFkbzhBN2V6d3lqX2YtZEp5TXdxd1pncUpXYmhFWS1ZdUli\nUG03RmdmazNZcW53Y2thRWMwMzdxVnVBU3o4Z3M5ZkR4OHZHT2cwZUpUVFFZTGFs\nUEVtQko2Ti1INkdKS05aUWE5SVRRRG41MlZubHRuTlFnZDkxcU9XOWtsOHlyLVdV\nSm1BbXVaNmRVVXAtWmExVnBhTnJ2bTNBekF5WWFDZ1lLQVg0U0FSQVNGUUhHWDJN\naUVHWWtqWVoxdXBLMWpJdno3QkpBX1EwMTgyMA0GCSqGSIb3DQEBCwUAA4IBAQBc\nZJzPDEFeC5avs/3RLcJ5kjHlg6YGvp6q0fCeufXfROppIAWmrnxn/hv/6H8x5pNJ\n9h2ViwnKaiF3k72dmr0IOwyCsu1g8GnU/MIO6K51PiwQRBuoT97PMnLUUDVU94kJ\ndA+8tV8yrosau1fHm8PyROwr3pjVLK5deaLwJWMDytw1uVJT1Zb/mQ7QwM677uQ3\nSCSavYIit6IqjeR7vbrowTDL1bxjrqfOIO9Qdr6l4Fi+zZOCr4vbGNb2fNZhSMsm\nzrjFqWEsQupl6DXiwLgehDQpOPVfxtOhlgN6a/xMVjAE5k0ckkA7LlUtMNc3ZTDp\nKJm9HgdplGG+2Zyl6hg2\n-----END CERTIFICATE-----"}}
[debug] [2025-03-26T11:26:49.753Z] Checked if tokens are valid: true, expires at: 1742991975863
[debug] [2025-03-26T11:26:49.753Z] Checked if tokens are valid: true, expires at: 1742991975863
[debug] [2025-03-26T11:26:49.753Z] >>> [apiv2][query] GET https://sqladmin.googleapis.com/sql/v1beta4/projects/rentafarm-2e5c2/instances/rentafarm-fdc/connectSettings 
[debug] [2025-03-26T11:26:49.865Z] Error: read ECONNRESET
    at C:\Users\harsh\AppData\Roaming\npm\node_modules\firebase-tools\node_modules\pg-pool\index.js:45:11
    at process.processTicksAndRejections (node:internal/process/task_queues:105:5)
    at async execute (C:\Users\harsh\AppData\Roaming\npm\node_modules\firebase-tools\lib\gcp\cloudsql\connect.js:67:18)
    at async executeSqlCmdsAsIamUser (C:\Users\harsh\AppData\Roaming\npm\node_modules\firebase-tools\lib\gcp\cloudsql\connect.js:93:12)
    at async getSchemaMetadata (C:\Users\harsh\AppData\Roaming\npm\node_modules\firebase-tools\lib\gcp\cloudsql\permissions_setup.js:130:31)
    at async setupSchemaIfNecessary (C:\Users\harsh\AppData\Roaming\npm\node_modules\firebase-tools\lib\dataconnect\schemaMigration.js:21:24)
    at async migrateSchema (C:\Users\harsh\AppData\Roaming\npm\node_modules\firebase-tools\lib\dataconnect\schemaMigration.js:105:5)
    at async default_1 (C:\Users\harsh\AppData\Roaming\npm\node_modules\firebase-tools\lib\deploy\dataconnect\release.js:29:13)
    at async chain (C:\Users\harsh\AppData\Roaming\npm\node_modules\firebase-tools\lib\deploy\index.js:40:9)
    at async deploy (C:\Users\harsh\AppData\Roaming\npm\node_modules\firebase-tools\lib\deploy\index.js:119:5)
[error] 
[error] Error: An unexpected error has occurred.
